2025-07-29 11:38:57,844 - __main__ - INFO - Starting Algo-Intent Bot with enhanced security
2025-07-29 11:38:57,844 - security - INFO - Bot started with public access and message security enabled
2025-07-29 11:39:00,168 - httpx - INFO - HTTP Request: POST https://api.telegram.org/bot8203783857:AAGD9-j_ZxWLzKU-PrGAGCykBngAXB_mMjM/getMe "HTTP/1.1 200 OK"
2025-07-29 11:39:00,335 - httpx - INFO - HTTP Request: POST https://api.telegram.org/bot8203783857:AAGD9-j_ZxWLzKU-PrGAGCykBngAXB_mMjM/deleteWebhook "HTTP/1.1 200 OK"
2025-07-29 11:39:00,336 - telegram.ext.Application - INFO - Application started
2025-07-29 11:39:07,077 - httpx - INFO - HTTP Request: POST https://api.telegram.org/bot8203783857:AAGD9-j_ZxWLzKU-PrGAGCykBngAXB_mMjM/getUpdates "HTTP/1.1 200 OK"
2025-07-29 11:39:07,079 - security - INFO - User 6293148875 - BOT_STARTED - Username: ibnotnickthe, Name: sad
2025-07-29 11:39:07,830 - httpx - INFO - HTTP Request: POST https://api.telegram.org/bot8203783857:AAGD9-j_ZxWLzKU-PrGAGCykBngAXB_mMjM/sendMessage "HTTP/1.1 200 OK"
2025-07-29 11:39:12,440 - httpx - INFO - HTTP Request: POST https://api.telegram.org/bot8203783857:AAGD9-j_ZxWLzKU-PrGAGCykBngAXB_mMjM/getUpdates "HTTP/1.1 200 OK"
2025-07-29 11:39:12,442 - __main__ - INFO - User 6293148875 (ibnotnickthe): @gonnaAgentBot Create a wallet...
2025-07-29 11:39:13,481 - httpx - INFO - HTTP Request: POST https://api.perplexity.ai/chat/completions "HTTP/1.1 401 Unauthorized"
2025-07-29 11:39:14,112 - httpx - INFO - HTTP Request: POST https://api.telegram.org/bot8203783857:AAGD9-j_ZxWLzKU-PrGAGCykBngAXB_mMjM/sendMessage "HTTP/1.1 200 OK"
2025-07-29 11:39:23,652 - httpx - INFO - HTTP Request: POST https://api.telegram.org/bot8203783857:AAGD9-j_ZxWLzKU-PrGAGCykBngAXB_mMjM/getUpdates "HTTP/1.1 200 OK"
2025-07-29 11:39:28,113 - httpx - INFO - HTTP Request: POST https://api.telegram.org/bot8203783857:AAGD9-j_ZxWLzKU-PrGAGCykBngAXB_mMjM/getUpdates "HTTP/1.1 200 OK"
2025-07-29 11:39:28,126 - __main__ - INFO - User 6293148875 (ibnotnickthe): Create a new wallet...
2025-07-29 11:39:29,061 - httpx - INFO - HTTP Request: POST https://api.perplexity.ai/chat/completions "HTTP/1.1 401 Unauthorized"
2025-07-29 11:39:29,860 - httpx - INFO - HTTP Request: POST https://api.telegram.org/bot8203783857:AAGD9-j_ZxWLzKU-PrGAGCykBngAXB_mMjM/sendMessage "HTTP/1.1 200 OK"
2025-07-29 11:39:39,283 - httpx - INFO - HTTP Request: POST https://api.telegram.org/bot8203783857:AAGD9-j_ZxWLzKU-PrGAGCykBngAXB_mMjM/getUpdates "HTTP/1.1 200 OK"
2025-07-29 11:39:49,460 - httpx - INFO - HTTP Request: POST https://api.telegram.org/bot8203783857:AAGD9-j_ZxWLzKU-PrGAGCykBngAXB_mMjM/getUpdates "HTTP/1.1 200 OK"
2025-07-29 11:39:55,988 - __main__ - INFO - Starting Algo-Intent Bot with enhanced security
2025-07-29 11:39:55,989 - security - INFO - Bot started with public access and message security enabled
2025-07-29 11:39:57,017 - httpx - INFO - HTTP Request: POST https://api.telegram.org/bot8203783857:AAGD9-j_ZxWLzKU-PrGAGCykBngAXB_mMjM/getMe "HTTP/1.1 200 OK"
2025-07-29 11:39:57,185 - httpx - INFO - HTTP Request: POST https://api.telegram.org/bot8203783857:AAGD9-j_ZxWLzKU-PrGAGCykBngAXB_mMjM/deleteWebhook "HTTP/1.1 200 OK"
2025-07-29 11:39:57,187 - telegram.ext.Application - INFO - Application started
2025-07-29 11:40:07,775 - httpx - INFO - HTTP Request: POST https://api.telegram.org/bot8203783857:AAGD9-j_ZxWLzKU-PrGAGCykBngAXB_mMjM/getUpdates "HTTP/1.1 200 OK"
2025-07-29 11:40:08,567 - httpx - INFO - HTTP Request: POST https://api.telegram.org/bot8203783857:AAGD9-j_ZxWLzKU-PrGAGCykBngAXB_mMjM/getUpdates "HTTP/1.1 200 OK"
2025-07-29 11:40:08,568 - __main__ - INFO - User 6293148875 (ibnotnickthe): @gonnaAgentBot Create a wallet...
2025-07-29 11:40:10,075 - httpx - INFO - HTTP Request: POST https://api.perplexity.ai/chat/completions "HTTP/1.1 401 Unauthorized"
2025-07-29 11:40:10,718 - httpx - INFO - HTTP Request: POST https://api.telegram.org/bot8203783857:AAGD9-j_ZxWLzKU-PrGAGCykBngAXB_mMjM/sendMessage "HTTP/1.1 200 OK"
2025-07-29 11:40:20,249 - httpx - INFO - HTTP Request: POST https://api.telegram.org/bot8203783857:AAGD9-j_ZxWLzKU-PrGAGCykBngAXB_mMjM/getUpdates "HTTP/1.1 200 OK"
2025-07-29 11:40:24,869 - httpx - INFO - HTTP Request: POST https://api.telegram.org/bot8203783857:AAGD9-j_ZxWLzKU-PrGAGCykBngAXB_mMjM/getUpdates "HTTP/1.1 200 OK"
2025-07-29 11:40:24,870 - __main__ - INFO - User 6293148875 (ibnotnickthe): Create a new wallet...
2025-07-29 11:40:25,485 - httpx - INFO - HTTP Request: POST https://api.perplexity.ai/chat/completions "HTTP/1.1 401 Unauthorized"
2025-07-29 11:40:26,112 - httpx - INFO - HTTP Request: POST https://api.telegram.org/bot8203783857:AAGD9-j_ZxWLzKU-PrGAGCykBngAXB_mMjM/sendMessage "HTTP/1.1 200 OK"
2025-07-29 11:40:35,664 - httpx - INFO - HTTP Request: POST https://api.telegram.org/bot8203783857:AAGD9-j_ZxWLzKU-PrGAGCykBngAXB_mMjM/getUpdates "HTTP/1.1 200 OK"
2025-07-29 11:40:45,836 - httpx - INFO - HTTP Request: POST https://api.telegram.org/bot8203783857:AAGD9-j_ZxWLzKU-PrGAGCykBngAXB_mMjM/getUpdates "HTTP/1.1 200 OK"
2025-07-29 11:40:56,007 - httpx - INFO - HTTP Request: POST https://api.telegram.org/bot8203783857:AAGD9-j_ZxWLzKU-PrGAGCykBngAXB_mMjM/getUpdates "HTTP/1.1 200 OK"
2025-07-29 11:41:06,179 - httpx - INFO - HTTP Request: POST https://api.telegram.org/bot8203783857:AAGD9-j_ZxWLzKU-PrGAGCykBngAXB_mMjM/getUpdates "HTTP/1.1 200 OK"
2025-07-29 11:41:16,354 - httpx - INFO - HTTP Request: POST https://api.telegram.org/bot8203783857:AAGD9-j_ZxWLzKU-PrGAGCykBngAXB_mMjM/getUpdates "HTTP/1.1 200 OK"
2025-07-29 11:41:26,533 - httpx - INFO - HTTP Request: POST https://api.telegram.org/bot8203783857:AAGD9-j_ZxWLzKU-PrGAGCykBngAXB_mMjM/getUpdates "HTTP/1.1 200 OK"
2025-07-29 11:41:36,734 - httpx - INFO - HTTP Request: POST https://api.telegram.org/bot8203783857:AAGD9-j_ZxWLzKU-PrGAGCykBngAXB_mMjM/getUpdates "HTTP/1.1 200 OK"
2025-07-29 11:41:46,928 - httpx - INFO - HTTP Request: POST https://api.telegram.org/bot8203783857:AAGD9-j_ZxWLzKU-PrGAGCykBngAXB_mMjM/getUpdates "HTTP/1.1 200 OK"
2025-07-29 11:41:57,099 - httpx - INFO - HTTP Request: POST https://api.telegram.org/bot8203783857:AAGD9-j_ZxWLzKU-PrGAGCykBngAXB_mMjM/getUpdates "HTTP/1.1 200 OK"
2025-07-29 11:42:07,271 - httpx - INFO - HTTP Request: POST https://api.telegram.org/bot8203783857:AAGD9-j_ZxWLzKU-PrGAGCykBngAXB_mMjM/getUpdates "HTTP/1.1 200 OK"
2025-07-29 11:42:17,443 - httpx - INFO - HTTP Request: POST https://api.telegram.org/bot8203783857:AAGD9-j_ZxWLzKU-PrGAGCykBngAXB_mMjM/getUpdates "HTTP/1.1 200 OK"
2025-07-29 11:42:27,615 - httpx - INFO - HTTP Request: POST https://api.telegram.org/bot8203783857:AAGD9-j_ZxWLzKU-PrGAGCykBngAXB_mMjM/getUpdates "HTTP/1.1 200 OK"
2025-07-29 11:42:37,786 - httpx - INFO - HTTP Request: POST https://api.telegram.org/bot8203783857:AAGD9-j_ZxWLzKU-PrGAGCykBngAXB_mMjM/getUpdates "HTTP/1.1 200 OK"
2025-07-29 11:42:47,958 - httpx - INFO - HTTP Request: POST https://api.telegram.org/bot8203783857:AAGD9-j_ZxWLzKU-PrGAGCykBngAXB_mMjM/getUpdates "HTTP/1.1 200 OK"
2025-07-29 11:42:58,132 - httpx - INFO - HTTP Request: POST https://api.telegram.org/bot8203783857:AAGD9-j_ZxWLzKU-PrGAGCykBngAXB_mMjM/getUpdates "HTTP/1.1 200 OK"
2025-07-29 11:43:08,303 - httpx - INFO - HTTP Request: POST https://api.telegram.org/bot8203783857:AAGD9-j_ZxWLzKU-PrGAGCykBngAXB_mMjM/getUpdates "HTTP/1.1 200 OK"
2025-07-29 11:43:18,475 - httpx - INFO - HTTP Request: POST https://api.telegram.org/bot8203783857:AAGD9-j_ZxWLzKU-PrGAGCykBngAXB_mMjM/getUpdates "HTTP/1.1 200 OK"
2025-07-29 11:43:28,648 - httpx - INFO - HTTP Request: POST https://api.telegram.org/bot8203783857:AAGD9-j_ZxWLzKU-PrGAGCykBngAXB_mMjM/getUpdates "HTTP/1.1 200 OK"
2025-07-29 11:43:38,820 - httpx - INFO - HTTP Request: POST https://api.telegram.org/bot8203783857:AAGD9-j_ZxWLzKU-PrGAGCykBngAXB_mMjM/getUpdates "HTTP/1.1 200 OK"
2025-07-29 11:43:48,992 - httpx - INFO - HTTP Request: POST https://api.telegram.org/bot8203783857:AAGD9-j_ZxWLzKU-PrGAGCykBngAXB_mMjM/getUpdates "HTTP/1.1 200 OK"
2025-07-29 11:43:59,163 - httpx - INFO - HTTP Request: POST https://api.telegram.org/bot8203783857:AAGD9-j_ZxWLzKU-PrGAGCykBngAXB_mMjM/getUpdates "HTTP/1.1 200 OK"
2025-07-29 11:44:09,335 - httpx - INFO - HTTP Request: POST https://api.telegram.org/bot8203783857:AAGD9-j_ZxWLzKU-PrGAGCykBngAXB_mMjM/getUpdates "HTTP/1.1 200 OK"
2025-07-29 11:44:19,509 - httpx - INFO - HTTP Request: POST https://api.telegram.org/bot8203783857:AAGD9-j_ZxWLzKU-PrGAGCykBngAXB_mMjM/getUpdates "HTTP/1.1 200 OK"
2025-07-29 11:44:29,690 - httpx - INFO - HTTP Request: POST https://api.telegram.org/bot8203783857:AAGD9-j_ZxWLzKU-PrGAGCykBngAXB_mMjM/getUpdates "HTTP/1.1 200 OK"
2025-07-29 11:44:39,867 - httpx - INFO - HTTP Request: POST https://api.telegram.org/bot8203783857:AAGD9-j_ZxWLzKU-PrGAGCykBngAXB_mMjM/getUpdates "HTTP/1.1 200 OK"
2025-07-29 11:44:50,042 - httpx - INFO - HTTP Request: POST https://api.telegram.org/bot8203783857:AAGD9-j_ZxWLzKU-PrGAGCykBngAXB_mMjM/getUpdates "HTTP/1.1 200 OK"
2025-07-29 11:45:00,213 - httpx - INFO - HTTP Request: POST https://api.telegram.org/bot8203783857:AAGD9-j_ZxWLzKU-PrGAGCykBngAXB_mMjM/getUpdates "HTTP/1.1 200 OK"
2025-07-29 11:45:10,387 - httpx - INFO - HTTP Request: POST https://api.telegram.org/bot8203783857:AAGD9-j_ZxWLzKU-PrGAGCykBngAXB_mMjM/getUpdates "HTTP/1.1 200 OK"
2025-07-29 11:45:20,562 - httpx - INFO - HTTP Request: POST https://api.telegram.org/bot8203783857:AAGD9-j_ZxWLzKU-PrGAGCykBngAXB_mMjM/getUpdates "HTTP/1.1 200 OK"
2025-07-29 11:45:30,740 - httpx - INFO - HTTP Request: POST https://api.telegram.org/bot8203783857:AAGD9-j_ZxWLzKU-PrGAGCykBngAXB_mMjM/getUpdates "HTTP/1.1 200 OK"
2025-07-29 11:45:40,913 - httpx - INFO - HTTP Request: POST https://api.telegram.org/bot8203783857:AAGD9-j_ZxWLzKU-PrGAGCykBngAXB_mMjM/getUpdates "HTTP/1.1 200 OK"
2025-07-29 11:45:51,095 - httpx - INFO - HTTP Request: POST https://api.telegram.org/bot8203783857:AAGD9-j_ZxWLzKU-PrGAGCykBngAXB_mMjM/getUpdates "HTTP/1.1 200 OK"
2025-07-29 11:46:01,267 - httpx - INFO - HTTP Request: POST https://api.telegram.org/bot8203783857:AAGD9-j_ZxWLzKU-PrGAGCykBngAXB_mMjM/getUpdates "HTTP/1.1 200 OK"
2025-07-29 11:46:11,442 - httpx - INFO - HTTP Request: POST https://api.telegram.org/bot8203783857:AAGD9-j_ZxWLzKU-PrGAGCykBngAXB_mMjM/getUpdates "HTTP/1.1 200 OK"
2025-07-29 11:46:21,616 - httpx - INFO - HTTP Request: POST https://api.telegram.org/bot8203783857:AAGD9-j_ZxWLzKU-PrGAGCykBngAXB_mMjM/getUpdates "HTTP/1.1 200 OK"
2025-07-29 11:46:31,791 - httpx - INFO - HTTP Request: POST https://api.telegram.org/bot8203783857:AAGD9-j_ZxWLzKU-PrGAGCykBngAXB_mMjM/getUpdates "HTTP/1.1 200 OK"
2025-07-29 11:46:41,973 - httpx - INFO - HTTP Request: POST https://api.telegram.org/bot8203783857:AAGD9-j_ZxWLzKU-PrGAGCykBngAXB_mMjM/getUpdates "HTTP/1.1 200 OK"
2025-07-29 11:46:52,146 - httpx - INFO - HTTP Request: POST https://api.telegram.org/bot8203783857:AAGD9-j_ZxWLzKU-PrGAGCykBngAXB_mMjM/getUpdates "HTTP/1.1 200 OK"
2025-07-29 11:47:02,321 - httpx - INFO - HTTP Request: POST https://api.telegram.org/bot8203783857:AAGD9-j_ZxWLzKU-PrGAGCykBngAXB_mMjM/getUpdates "HTTP/1.1 200 OK"
2025-07-29 11:47:12,497 - httpx - INFO - HTTP Request: POST https://api.telegram.org/bot8203783857:AAGD9-j_ZxWLzKU-PrGAGCykBngAXB_mMjM/getUpdates "HTTP/1.1 200 OK"
2025-07-29 11:47:22,671 - httpx - INFO - HTTP Request: POST https://api.telegram.org/bot8203783857:AAGD9-j_ZxWLzKU-PrGAGCykBngAXB_mMjM/getUpdates "HTTP/1.1 200 OK"
2025-07-29 11:47:32,846 - httpx - INFO - HTTP Request: POST https://api.telegram.org/bot8203783857:AAGD9-j_ZxWLzKU-PrGAGCykBngAXB_mMjM/getUpdates "HTTP/1.1 200 OK"
2025-07-29 11:47:43,020 - httpx - INFO - HTTP Request: POST https://api.telegram.org/bot8203783857:AAGD9-j_ZxWLzKU-PrGAGCykBngAXB_mMjM/getUpdates "HTTP/1.1 200 OK"
2025-07-29 11:47:53,194 - httpx - INFO - HTTP Request: POST https://api.telegram.org/bot8203783857:AAGD9-j_ZxWLzKU-PrGAGCykBngAXB_mMjM/getUpdates "HTTP/1.1 200 OK"
2025-07-29 11:48:03,367 - httpx - INFO - HTTP Request: POST https://api.telegram.org/bot8203783857:AAGD9-j_ZxWLzKU-PrGAGCykBngAXB_mMjM/getUpdates "HTTP/1.1 200 OK"
2025-07-29 11:48:13,542 - httpx - INFO - HTTP Request: POST https://api.telegram.org/bot8203783857:AAGD9-j_ZxWLzKU-PrGAGCykBngAXB_mMjM/getUpdates "HTTP/1.1 200 OK"
2025-07-29 11:48:23,714 - httpx - INFO - HTTP Request: POST https://api.telegram.org/bot8203783857:AAGD9-j_ZxWLzKU-PrGAGCykBngAXB_mMjM/getUpdates "HTTP/1.1 200 OK"
2025-07-29 11:48:33,886 - httpx - INFO - HTTP Request: POST https://api.telegram.org/bot8203783857:AAGD9-j_ZxWLzKU-PrGAGCykBngAXB_mMjM/getUpdates "HTTP/1.1 200 OK"
2025-07-29 11:48:44,067 - httpx - INFO - HTTP Request: POST https://api.telegram.org/bot8203783857:AAGD9-j_ZxWLzKU-PrGAGCykBngAXB_mMjM/getUpdates "HTTP/1.1 200 OK"
2025-07-29 11:48:54,253 - httpx - INFO - HTTP Request: POST https://api.telegram.org/bot8203783857:AAGD9-j_ZxWLzKU-PrGAGCykBngAXB_mMjM/getUpdates "HTTP/1.1 200 OK"
2025-07-29 11:49:04,424 - httpx - INFO - HTTP Request: POST https://api.telegram.org/bot8203783857:AAGD9-j_ZxWLzKU-PrGAGCykBngAXB_mMjM/getUpdates "HTTP/1.1 200 OK"
2025-07-29 11:49:14,606 - httpx - INFO - HTTP Request: POST https://api.telegram.org/bot8203783857:AAGD9-j_ZxWLzKU-PrGAGCykBngAXB_mMjM/getUpdates "HTTP/1.1 200 OK"
2025-07-29 11:49:24,788 - httpx - INFO - HTTP Request: POST https://api.telegram.org/bot8203783857:AAGD9-j_ZxWLzKU-PrGAGCykBngAXB_mMjM/getUpdates "HTTP/1.1 200 OK"
2025-07-29 11:49:34,961 - httpx - INFO - HTTP Request: POST https://api.telegram.org/bot8203783857:AAGD9-j_ZxWLzKU-PrGAGCykBngAXB_mMjM/getUpdates "HTTP/1.1 200 OK"
2025-07-29 11:49:45,141 - httpx - INFO - HTTP Request: POST https://api.telegram.org/bot8203783857:AAGD9-j_ZxWLzKU-PrGAGCykBngAXB_mMjM/getUpdates "HTTP/1.1 200 OK"
2025-07-29 11:49:55,313 - httpx - INFO - HTTP Request: POST https://api.telegram.org/bot8203783857:AAGD9-j_ZxWLzKU-PrGAGCykBngAXB_mMjM/getUpdates "HTTP/1.1 200 OK"
2025-07-29 11:50:05,494 - httpx - INFO - HTTP Request: POST https://api.telegram.org/bot8203783857:AAGD9-j_ZxWLzKU-PrGAGCykBngAXB_mMjM/getUpdates "HTTP/1.1 200 OK"
2025-07-29 11:50:15,671 - httpx - INFO - HTTP Request: POST https://api.telegram.org/bot8203783857:AAGD9-j_ZxWLzKU-PrGAGCykBngAXB_mMjM/getUpdates "HTTP/1.1 200 OK"
2025-07-29 11:50:25,844 - httpx - INFO - HTTP Request: POST https://api.telegram.org/bot8203783857:AAGD9-j_ZxWLzKU-PrGAGCykBngAXB_mMjM/getUpdates "HTTP/1.1 200 OK"
2025-07-29 11:50:36,015 - httpx - INFO - HTTP Request: POST https://api.telegram.org/bot8203783857:AAGD9-j_ZxWLzKU-PrGAGCykBngAXB_mMjM/getUpdates "HTTP/1.1 200 OK"
2025-07-29 11:50:46,187 - httpx - INFO - HTTP Request: POST https://api.telegram.org/bot8203783857:AAGD9-j_ZxWLzKU-PrGAGCykBngAXB_mMjM/getUpdates "HTTP/1.1 200 OK"
2025-07-29 11:50:56,359 - httpx - INFO - HTTP Request: POST https://api.telegram.org/bot8203783857:AAGD9-j_ZxWLzKU-PrGAGCykBngAXB_mMjM/getUpdates "HTTP/1.1 200 OK"
2025-07-29 11:51:06,532 - httpx - INFO - HTTP Request: POST https://api.telegram.org/bot8203783857:AAGD9-j_ZxWLzKU-PrGAGCykBngAXB_mMjM/getUpdates "HTTP/1.1 200 OK"
2025-07-29 11:51:16,704 - httpx - INFO - HTTP Request: POST https://api.telegram.org/bot8203783857:AAGD9-j_ZxWLzKU-PrGAGCykBngAXB_mMjM/getUpdates "HTTP/1.1 200 OK"
2025-07-29 11:51:26,876 - httpx - INFO - HTTP Request: POST https://api.telegram.org/bot8203783857:AAGD9-j_ZxWLzKU-PrGAGCykBngAXB_mMjM/getUpdates "HTTP/1.1 200 OK"
2025-07-29 11:51:37,048 - httpx - INFO - HTTP Request: POST https://api.telegram.org/bot8203783857:AAGD9-j_ZxWLzKU-PrGAGCykBngAXB_mMjM/getUpdates "HTTP/1.1 200 OK"
2025-07-29 11:51:47,221 - httpx - INFO - HTTP Request: POST https://api.telegram.org/bot8203783857:AAGD9-j_ZxWLzKU-PrGAGCykBngAXB_mMjM/getUpdates "HTTP/1.1 200 OK"
2025-07-29 11:51:57,394 - httpx - INFO - HTTP Request: POST https://api.telegram.org/bot8203783857:AAGD9-j_ZxWLzKU-PrGAGCykBngAXB_mMjM/getUpdates "HTTP/1.1 200 OK"
2025-07-29 11:52:07,566 - httpx - INFO - HTTP Request: POST https://api.telegram.org/bot8203783857:AAGD9-j_ZxWLzKU-PrGAGCykBngAXB_mMjM/getUpdates "HTTP/1.1 200 OK"
2025-07-29 11:52:17,739 - httpx - INFO - HTTP Request: POST https://api.telegram.org/bot8203783857:AAGD9-j_ZxWLzKU-PrGAGCykBngAXB_mMjM/getUpdates "HTTP/1.1 200 OK"
2025-07-29 11:52:27,910 - httpx - INFO - HTTP Request: POST https://api.telegram.org/bot8203783857:AAGD9-j_ZxWLzKU-PrGAGCykBngAXB_mMjM/getUpdates "HTTP/1.1 200 OK"
2025-07-29 11:52:38,082 - httpx - INFO - HTTP Request: POST https://api.telegram.org/bot8203783857:AAGD9-j_ZxWLzKU-PrGAGCykBngAXB_mMjM/getUpdates "HTTP/1.1 200 OK"
2025-07-29 11:52:48,253 - httpx - INFO - HTTP Request: POST https://api.telegram.org/bot8203783857:AAGD9-j_ZxWLzKU-PrGAGCykBngAXB_mMjM/getUpdates "HTTP/1.1 200 OK"
2025-07-29 11:52:58,439 - httpx - INFO - HTTP Request: POST https://api.telegram.org/bot8203783857:AAGD9-j_ZxWLzKU-PrGAGCykBngAXB_mMjM/getUpdates "HTTP/1.1 200 OK"
2025-07-29 11:53:08,617 - httpx - INFO - HTTP Request: POST https://api.telegram.org/bot8203783857:AAGD9-j_ZxWLzKU-PrGAGCykBngAXB_mMjM/getUpdates "HTTP/1.1 200 OK"
2025-07-29 11:53:18,788 - httpx - INFO - HTTP Request: POST https://api.telegram.org/bot8203783857:AAGD9-j_ZxWLzKU-PrGAGCykBngAXB_mMjM/getUpdates "HTTP/1.1 200 OK"
2025-07-29 11:53:28,961 - httpx - INFO - HTTP Request: POST https://api.telegram.org/bot8203783857:AAGD9-j_ZxWLzKU-PrGAGCykBngAXB_mMjM/getUpdates "HTTP/1.1 200 OK"
2025-07-29 11:53:39,135 - httpx - INFO - HTTP Request: POST https://api.telegram.org/bot8203783857:AAGD9-j_ZxWLzKU-PrGAGCykBngAXB_mMjM/getUpdates "HTTP/1.1 200 OK"
2025-07-29 11:53:49,313 - httpx - INFO - HTTP Request: POST https://api.telegram.org/bot8203783857:AAGD9-j_ZxWLzKU-PrGAGCykBngAXB_mMjM/getUpdates "HTTP/1.1 200 OK"
2025-07-29 11:53:59,487 - httpx - INFO - HTTP Request: POST https://api.telegram.org/bot8203783857:AAGD9-j_ZxWLzKU-PrGAGCykBngAXB_mMjM/getUpdates "HTTP/1.1 200 OK"
2025-07-29 11:54:13,635 - __main__ - INFO - Starting Algo-Intent Bot with enhanced security
2025-07-29 11:54:13,635 - security - INFO - Bot started with public access and message security enabled
2025-07-29 11:54:14,535 - httpx - INFO - HTTP Request: POST https://api.telegram.org/bot8203783857:AAGD9-j_ZxWLzKU-PrGAGCykBngAXB_mMjM/getMe "HTTP/1.1 200 OK"
2025-07-29 11:54:14,701 - httpx - INFO - HTTP Request: POST https://api.telegram.org/bot8203783857:AAGD9-j_ZxWLzKU-PrGAGCykBngAXB_mMjM/deleteWebhook "HTTP/1.1 200 OK"
2025-07-29 11:54:14,702 - telegram.ext.Application - INFO - Application started
2025-07-29 11:54:21,837 - httpx - INFO - HTTP Request: POST https://api.telegram.org/bot8203783857:AAGD9-j_ZxWLzKU-PrGAGCykBngAXB_mMjM/getUpdates "HTTP/1.1 200 OK"
2025-07-29 11:54:21,839 - __main__ - INFO - User 6293148875 (ibnotnickthe): @gonnaAgentBot Connect wallet...
2025-07-29 11:54:22,626 - httpx - INFO - HTTP Request: POST https://api.perplexity.ai/chat/completions "HTTP/1.1 401 Unauthorized"
2025-07-29 11:54:23,253 - httpx - INFO - HTTP Request: POST https://api.telegram.org/bot8203783857:AAGD9-j_ZxWLzKU-PrGAGCykBngAXB_mMjM/sendMessage "HTTP/1.1 200 OK"
2025-07-29 11:54:32,800 - httpx - INFO - HTTP Request: POST https://api.telegram.org/bot8203783857:AAGD9-j_ZxWLzKU-PrGAGCykBngAXB_mMjM/getUpdates "HTTP/1.1 200 OK"
2025-07-29 11:54:33,254 - httpx - INFO - HTTP Request: POST https://api.telegram.org/bot8203783857:AAGD9-j_ZxWLzKU-PrGAGCykBngAXB_mMjM/getUpdates "HTTP/1.1 200 OK"
2025-07-29 11:54:33,254 - __main__ - INFO - User 6293148875 (ibnotnickthe): Check my balance...
2025-07-29 11:54:33,787 - httpx - INFO - HTTP Request: POST https://api.perplexity.ai/chat/completions "HTTP/1.1 401 Unauthorized"
2025-07-29 11:54:34,420 - httpx - INFO - HTTP Request: POST https://api.telegram.org/bot8203783857:AAGD9-j_ZxWLzKU-PrGAGCykBngAXB_mMjM/sendMessage "HTTP/1.1 200 OK"
2025-07-29 11:54:43,960 - httpx - INFO - HTTP Request: POST https://api.telegram.org/bot8203783857:AAGD9-j_ZxWLzKU-PrGAGCykBngAXB_mMjM/getUpdates "HTTP/1.1 200 OK"
2025-07-29 11:54:54,131 - httpx - INFO - HTTP Request: POST https://api.telegram.org/bot8203783857:AAGD9-j_ZxWLzKU-PrGAGCykBngAXB_mMjM/getUpdates "HTTP/1.1 200 OK"
2025-07-29 11:55:04,310 - httpx - INFO - HTTP Request: POST https://api.telegram.org/bot8203783857:AAGD9-j_ZxWLzKU-PrGAGCykBngAXB_mMjM/getUpdates "HTTP/1.1 200 OK"
2025-07-29 11:55:14,486 - httpx - INFO - HTTP Request: POST https://api.telegram.org/bot8203783857:AAGD9-j_ZxWLzKU-PrGAGCykBngAXB_mMjM/getUpdates "HTTP/1.1 200 OK"
2025-07-29 11:55:24,658 - httpx - INFO - HTTP Request: POST https://api.telegram.org/bot8203783857:AAGD9-j_ZxWLzKU-PrGAGCykBngAXB_mMjM/getUpdates "HTTP/1.1 200 OK"
2025-07-29 11:55:34,854 - httpx - INFO - HTTP Request: POST https://api.telegram.org/bot8203783857:AAGD9-j_ZxWLzKU-PrGAGCykBngAXB_mMjM/getUpdates "HTTP/1.1 200 OK"
2025-07-29 11:55:45,063 - httpx - INFO - HTTP Request: POST https://api.telegram.org/bot8203783857:AAGD9-j_ZxWLzKU-PrGAGCykBngAXB_mMjM/getUpdates "HTTP/1.1 200 OK"
2025-07-29 11:55:55,232 - httpx - INFO - HTTP Request: POST https://api.telegram.org/bot8203783857:AAGD9-j_ZxWLzKU-PrGAGCykBngAXB_mMjM/getUpdates "HTTP/1.1 200 OK"
2025-07-29 11:56:05,403 - httpx - INFO - HTTP Request: POST https://api.telegram.org/bot8203783857:AAGD9-j_ZxWLzKU-PrGAGCykBngAXB_mMjM/getUpdates "HTTP/1.1 200 OK"
2025-07-29 11:56:15,572 - httpx - INFO - HTTP Request: POST https://api.telegram.org/bot8203783857:AAGD9-j_ZxWLzKU-PrGAGCykBngAXB_mMjM/getUpdates "HTTP/1.1 200 OK"
2025-07-29 11:56:25,744 - httpx - INFO - HTTP Request: POST https://api.telegram.org/bot8203783857:AAGD9-j_ZxWLzKU-PrGAGCykBngAXB_mMjM/getUpdates "HTTP/1.1 200 OK"
2025-07-29 11:56:35,914 - httpx - INFO - HTTP Request: POST https://api.telegram.org/bot8203783857:AAGD9-j_ZxWLzKU-PrGAGCykBngAXB_mMjM/getUpdates "HTTP/1.1 200 OK"
2025-07-29 11:56:46,088 - httpx - INFO - HTTP Request: POST https://api.telegram.org/bot8203783857:AAGD9-j_ZxWLzKU-PrGAGCykBngAXB_mMjM/getUpdates "HTTP/1.1 200 OK"
2025-07-29 11:56:56,267 - httpx - INFO - HTTP Request: POST https://api.telegram.org/bot8203783857:AAGD9-j_ZxWLzKU-PrGAGCykBngAXB_mMjM/getUpdates "HTTP/1.1 200 OK"
2025-07-29 11:57:06,442 - httpx - INFO - HTTP Request: POST https://api.telegram.org/bot8203783857:AAGD9-j_ZxWLzKU-PrGAGCykBngAXB_mMjM/getUpdates "HTTP/1.1 200 OK"
2025-07-29 11:57:16,621 - httpx - INFO - HTTP Request: POST https://api.telegram.org/bot8203783857:AAGD9-j_ZxWLzKU-PrGAGCykBngAXB_mMjM/getUpdates "HTTP/1.1 200 OK"
2025-07-29 11:57:26,793 - httpx - INFO - HTTP Request: POST https://api.telegram.org/bot8203783857:AAGD9-j_ZxWLzKU-PrGAGCykBngAXB_mMjM/getUpdates "HTTP/1.1 200 OK"
2025-07-29 11:57:36,965 - httpx - INFO - HTTP Request: POST https://api.telegram.org/bot8203783857:AAGD9-j_ZxWLzKU-PrGAGCykBngAXB_mMjM/getUpdates "HTTP/1.1 200 OK"
2025-07-29 11:57:47,135 - httpx - INFO - HTTP Request: POST https://api.telegram.org/bot8203783857:AAGD9-j_ZxWLzKU-PrGAGCykBngAXB_mMjM/getUpdates "HTTP/1.1 200 OK"
2025-07-29 11:57:57,311 - httpx - INFO - HTTP Request: POST https://api.telegram.org/bot8203783857:AAGD9-j_ZxWLzKU-PrGAGCykBngAXB_mMjM/getUpdates "HTTP/1.1 200 OK"
2025-07-29 11:58:07,480 - httpx - INFO - HTTP Request: POST https://api.telegram.org/bot8203783857:AAGD9-j_ZxWLzKU-PrGAGCykBngAXB_mMjM/getUpdates "HTTP/1.1 200 OK"
2025-07-29 11:58:17,656 - httpx - INFO - HTTP Request: POST https://api.telegram.org/bot8203783857:AAGD9-j_ZxWLzKU-PrGAGCykBngAXB_mMjM/getUpdates "HTTP/1.1 200 OK"
2025-07-29 11:58:27,830 - httpx - INFO - HTTP Request: POST https://api.telegram.org/bot8203783857:AAGD9-j_ZxWLzKU-PrGAGCykBngAXB_mMjM/getUpdates "HTTP/1.1 200 OK"
2025-07-29 11:58:38,001 - httpx - INFO - HTTP Request: POST https://api.telegram.org/bot8203783857:AAGD9-j_ZxWLzKU-PrGAGCykBngAXB_mMjM/getUpdates "HTTP/1.1 200 OK"
2025-07-29 11:58:48,173 - httpx - INFO - HTTP Request: POST https://api.telegram.org/bot8203783857:AAGD9-j_ZxWLzKU-PrGAGCykBngAXB_mMjM/getUpdates "HTTP/1.1 200 OK"
2025-07-29 11:58:58,343 - httpx - INFO - HTTP Request: POST https://api.telegram.org/bot8203783857:AAGD9-j_ZxWLzKU-PrGAGCykBngAXB_mMjM/getUpdates "HTTP/1.1 200 OK"
2025-07-29 11:59:08,516 - httpx - INFO - HTTP Request: POST https://api.telegram.org/bot8203783857:AAGD9-j_ZxWLzKU-PrGAGCykBngAXB_mMjM/getUpdates "HTTP/1.1 200 OK"
2025-07-29 11:59:18,685 - httpx - INFO - HTTP Request: POST https://api.telegram.org/bot8203783857:AAGD9-j_ZxWLzKU-PrGAGCykBngAXB_mMjM/getUpdates "HTTP/1.1 200 OK"
2025-07-29 11:59:28,855 - httpx - INFO - HTTP Request: POST https://api.telegram.org/bot8203783857:AAGD9-j_ZxWLzKU-PrGAGCykBngAXB_mMjM/getUpdates "HTTP/1.1 200 OK"
2025-07-29 11:59:39,029 - httpx - INFO - HTTP Request: POST https://api.telegram.org/bot8203783857:AAGD9-j_ZxWLzKU-PrGAGCykBngAXB_mMjM/getUpdates "HTTP/1.1 200 OK"
2025-07-29 11:59:49,198 - httpx - INFO - HTTP Request: POST https://api.telegram.org/bot8203783857:AAGD9-j_ZxWLzKU-PrGAGCykBngAXB_mMjM/getUpdates "HTTP/1.1 200 OK"
2025-07-29 11:59:59,367 - httpx - INFO - HTTP Request: POST https://api.telegram.org/bot8203783857:AAGD9-j_ZxWLzKU-PrGAGCykBngAXB_mMjM/getUpdates "HTTP/1.1 200 OK"
2025-07-29 12:00:09,535 - httpx - INFO - HTTP Request: POST https://api.telegram.org/bot8203783857:AAGD9-j_ZxWLzKU-PrGAGCykBngAXB_mMjM/getUpdates "HTTP/1.1 200 OK"
2025-07-29 12:00:19,711 - httpx - INFO - HTTP Request: POST https://api.telegram.org/bot8203783857:AAGD9-j_ZxWLzKU-PrGAGCykBngAXB_mMjM/getUpdates "HTTP/1.1 200 OK"
2025-07-29 12:00:29,880 - httpx - INFO - HTTP Request: POST https://api.telegram.org/bot8203783857:AAGD9-j_ZxWLzKU-PrGAGCykBngAXB_mMjM/getUpdates "HTTP/1.1 200 OK"
2025-07-29 12:00:40,059 - httpx - INFO - HTTP Request: POST https://api.telegram.org/bot8203783857:AAGD9-j_ZxWLzKU-PrGAGCykBngAXB_mMjM/getUpdates "HTTP/1.1 200 OK"
2025-07-29 12:00:50,245 - httpx - INFO - HTTP Request: POST https://api.telegram.org/bot8203783857:AAGD9-j_ZxWLzKU-PrGAGCykBngAXB_mMjM/getUpdates "HTTP/1.1 200 OK"
2025-07-29 12:01:00,417 - httpx - INFO - HTTP Request: POST https://api.telegram.org/bot8203783857:AAGD9-j_ZxWLzKU-PrGAGCykBngAXB_mMjM/getUpdates "HTTP/1.1 200 OK"
2025-07-29 12:01:10,586 - httpx - INFO - HTTP Request: POST https://api.telegram.org/bot8203783857:AAGD9-j_ZxWLzKU-PrGAGCykBngAXB_mMjM/getUpdates "HTTP/1.1 200 OK"
2025-07-29 12:01:20,755 - httpx - INFO - HTTP Request: POST https://api.telegram.org/bot8203783857:AAGD9-j_ZxWLzKU-PrGAGCykBngAXB_mMjM/getUpdates "HTTP/1.1 200 OK"
2025-07-29 12:01:30,932 - httpx - INFO - HTTP Request: POST https://api.telegram.org/bot8203783857:AAGD9-j_ZxWLzKU-PrGAGCykBngAXB_mMjM/getUpdates "HTTP/1.1 200 OK"
2025-07-29 12:01:41,104 - httpx - INFO - HTTP Request: POST https://api.telegram.org/bot8203783857:AAGD9-j_ZxWLzKU-PrGAGCykBngAXB_mMjM/getUpdates "HTTP/1.1 200 OK"
2025-07-29 12:01:51,274 - httpx - INFO - HTTP Request: POST https://api.telegram.org/bot8203783857:AAGD9-j_ZxWLzKU-PrGAGCykBngAXB_mMjM/getUpdates "HTTP/1.1 200 OK"
2025-07-29 12:02:01,448 - httpx - INFO - HTTP Request: POST https://api.telegram.org/bot8203783857:AAGD9-j_ZxWLzKU-PrGAGCykBngAXB_mMjM/getUpdates "HTTP/1.1 200 OK"
2025-07-29 12:02:11,621 - httpx - INFO - HTTP Request: POST https://api.telegram.org/bot8203783857:AAGD9-j_ZxWLzKU-PrGAGCykBngAXB_mMjM/getUpdates "HTTP/1.1 200 OK"
2025-07-29 12:02:21,796 - httpx - INFO - HTTP Request: POST https://api.telegram.org/bot8203783857:AAGD9-j_ZxWLzKU-PrGAGCykBngAXB_mMjM/getUpdates "HTTP/1.1 200 OK"
2025-07-29 12:02:31,968 - httpx - INFO - HTTP Request: POST https://api.telegram.org/bot8203783857:AAGD9-j_ZxWLzKU-PrGAGCykBngAXB_mMjM/getUpdates "HTTP/1.1 200 OK"
2025-07-29 12:02:42,140 - httpx - INFO - HTTP Request: POST https://api.telegram.org/bot8203783857:AAGD9-j_ZxWLzKU-PrGAGCykBngAXB_mMjM/getUpdates "HTTP/1.1 200 OK"
2025-07-29 12:02:52,313 - httpx - INFO - HTTP Request: POST https://api.telegram.org/bot8203783857:AAGD9-j_ZxWLzKU-PrGAGCykBngAXB_mMjM/getUpdates "HTTP/1.1 200 OK"
2025-07-29 12:03:02,486 - httpx - INFO - HTTP Request: POST https://api.telegram.org/bot8203783857:AAGD9-j_ZxWLzKU-PrGAGCykBngAXB_mMjM/getUpdates "HTTP/1.1 200 OK"
2025-07-29 12:03:12,656 - httpx - INFO - HTTP Request: POST https://api.telegram.org/bot8203783857:AAGD9-j_ZxWLzKU-PrGAGCykBngAXB_mMjM/getUpdates "HTTP/1.1 200 OK"
2025-07-29 12:03:22,825 - httpx - INFO - HTTP Request: POST https://api.telegram.org/bot8203783857:AAGD9-j_ZxWLzKU-PrGAGCykBngAXB_mMjM/getUpdates "HTTP/1.1 200 OK"
2025-07-29 12:03:32,994 - httpx - INFO - HTTP Request: POST https://api.telegram.org/bot8203783857:AAGD9-j_ZxWLzKU-PrGAGCykBngAXB_mMjM/getUpdates "HTTP/1.1 200 OK"
2025-07-29 12:03:43,175 - httpx - INFO - HTTP Request: POST https://api.telegram.org/bot8203783857:AAGD9-j_ZxWLzKU-PrGAGCykBngAXB_mMjM/getUpdates "HTTP/1.1 200 OK"
2025-07-29 12:03:53,348 - httpx - INFO - HTTP Request: POST https://api.telegram.org/bot8203783857:AAGD9-j_ZxWLzKU-PrGAGCykBngAXB_mMjM/getUpdates "HTTP/1.1 200 OK"
2025-07-29 12:04:03,518 - httpx - INFO - HTTP Request: POST https://api.telegram.org/bot8203783857:AAGD9-j_ZxWLzKU-PrGAGCykBngAXB_mMjM/getUpdates "HTTP/1.1 200 OK"
2025-07-29 12:04:13,693 - httpx - INFO - HTTP Request: POST https://api.telegram.org/bot8203783857:AAGD9-j_ZxWLzKU-PrGAGCykBngAXB_mMjM/getUpdates "HTTP/1.1 200 OK"
2025-07-29 12:04:23,866 - httpx - INFO - HTTP Request: POST https://api.telegram.org/bot8203783857:AAGD9-j_ZxWLzKU-PrGAGCykBngAXB_mMjM/getUpdates "HTTP/1.1 200 OK"
2025-07-29 12:04:34,040 - httpx - INFO - HTTP Request: POST https://api.telegram.org/bot8203783857:AAGD9-j_ZxWLzKU-PrGAGCykBngAXB_mMjM/getUpdates "HTTP/1.1 200 OK"
2025-07-29 12:04:44,210 - httpx - INFO - HTTP Request: POST https://api.telegram.org/bot8203783857:AAGD9-j_ZxWLzKU-PrGAGCykBngAXB_mMjM/getUpdates "HTTP/1.1 200 OK"
2025-07-29 12:04:54,385 - httpx - INFO - HTTP Request: POST https://api.telegram.org/bot8203783857:AAGD9-j_ZxWLzKU-PrGAGCykBngAXB_mMjM/getUpdates "HTTP/1.1 200 OK"
2025-07-29 12:05:04,560 - httpx - INFO - HTTP Request: POST https://api.telegram.org/bot8203783857:AAGD9-j_ZxWLzKU-PrGAGCykBngAXB_mMjM/getUpdates "HTTP/1.1 200 OK"
2025-07-29 12:05:14,730 - httpx - INFO - HTTP Request: POST https://api.telegram.org/bot8203783857:AAGD9-j_ZxWLzKU-PrGAGCykBngAXB_mMjM/getUpdates "HTTP/1.1 200 OK"
2025-07-29 12:05:24,904 - httpx - INFO - HTTP Request: POST https://api.telegram.org/bot8203783857:AAGD9-j_ZxWLzKU-PrGAGCykBngAXB_mMjM/getUpdates "HTTP/1.1 200 OK"
2025-07-29 12:05:35,075 - httpx - INFO - HTTP Request: POST https://api.telegram.org/bot8203783857:AAGD9-j_ZxWLzKU-PrGAGCykBngAXB_mMjM/getUpdates "HTTP/1.1 200 OK"
2025-07-29 12:05:45,250 - httpx - INFO - HTTP Request: POST https://api.telegram.org/bot8203783857:AAGD9-j_ZxWLzKU-PrGAGCykBngAXB_mMjM/getUpdates "HTTP/1.1 200 OK"
2025-07-29 12:05:55,426 - httpx - INFO - HTTP Request: POST https://api.telegram.org/bot8203783857:AAGD9-j_ZxWLzKU-PrGAGCykBngAXB_mMjM/getUpdates "HTTP/1.1 200 OK"
2025-07-29 12:06:05,602 - httpx - INFO - HTTP Request: POST https://api.telegram.org/bot8203783857:AAGD9-j_ZxWLzKU-PrGAGCykBngAXB_mMjM/getUpdates "HTTP/1.1 200 OK"
2025-07-29 12:06:15,773 - httpx - INFO - HTTP Request: POST https://api.telegram.org/bot8203783857:AAGD9-j_ZxWLzKU-PrGAGCykBngAXB_mMjM/getUpdates "HTTP/1.1 200 OK"
2025-07-29 12:06:25,951 - httpx - INFO - HTTP Request: POST https://api.telegram.org/bot8203783857:AAGD9-j_ZxWLzKU-PrGAGCykBngAXB_mMjM/getUpdates "HTTP/1.1 200 OK"
2025-07-29 12:06:36,121 - httpx - INFO - HTTP Request: POST https://api.telegram.org/bot8203783857:AAGD9-j_ZxWLzKU-PrGAGCykBngAXB_mMjM/getUpdates "HTTP/1.1 200 OK"
2025-07-29 12:06:46,295 - httpx - INFO - HTTP Request: POST https://api.telegram.org/bot8203783857:AAGD9-j_ZxWLzKU-PrGAGCykBngAXB_mMjM/getUpdates "HTTP/1.1 200 OK"
2025-07-29 12:06:56,475 - httpx - INFO - HTTP Request: POST https://api.telegram.org/bot8203783857:AAGD9-j_ZxWLzKU-PrGAGCykBngAXB_mMjM/getUpdates "HTTP/1.1 200 OK"
2025-07-29 12:07:06,646 - httpx - INFO - HTTP Request: POST https://api.telegram.org/bot8203783857:AAGD9-j_ZxWLzKU-PrGAGCykBngAXB_mMjM/getUpdates "HTTP/1.1 200 OK"
2025-07-29 12:07:16,817 - httpx - INFO - HTTP Request: POST https://api.telegram.org/bot8203783857:AAGD9-j_ZxWLzKU-PrGAGCykBngAXB_mMjM/getUpdates "HTTP/1.1 200 OK"
2025-07-29 12:07:26,991 - httpx - INFO - HTTP Request: POST https://api.telegram.org/bot8203783857:AAGD9-j_ZxWLzKU-PrGAGCykBngAXB_mMjM/getUpdates "HTTP/1.1 200 OK"
2025-07-29 12:07:37,160 - httpx - INFO - HTTP Request: POST https://api.telegram.org/bot8203783857:AAGD9-j_ZxWLzKU-PrGAGCykBngAXB_mMjM/getUpdates "HTTP/1.1 200 OK"
2025-07-29 12:07:47,331 - httpx - INFO - HTTP Request: POST https://api.telegram.org/bot8203783857:AAGD9-j_ZxWLzKU-PrGAGCykBngAXB_mMjM/getUpdates "HTTP/1.1 200 OK"
2025-07-29 12:07:57,503 - httpx - INFO - HTTP Request: POST https://api.telegram.org/bot8203783857:AAGD9-j_ZxWLzKU-PrGAGCykBngAXB_mMjM/getUpdates "HTTP/1.1 200 OK"
2025-07-29 12:08:07,673 - httpx - INFO - HTTP Request: POST https://api.telegram.org/bot8203783857:AAGD9-j_ZxWLzKU-PrGAGCykBngAXB_mMjM/getUpdates "HTTP/1.1 200 OK"
2025-07-29 12:08:17,851 - httpx - INFO - HTTP Request: POST https://api.telegram.org/bot8203783857:AAGD9-j_ZxWLzKU-PrGAGCykBngAXB_mMjM/getUpdates "HTTP/1.1 200 OK"
2025-07-29 12:08:28,027 - httpx - INFO - HTTP Request: POST https://api.telegram.org/bot8203783857:AAGD9-j_ZxWLzKU-PrGAGCykBngAXB_mMjM/getUpdates "HTTP/1.1 200 OK"
2025-07-29 12:08:38,203 - httpx - INFO - HTTP Request: POST https://api.telegram.org/bot8203783857:AAGD9-j_ZxWLzKU-PrGAGCykBngAXB_mMjM/getUpdates "HTTP/1.1 200 OK"
2025-07-29 12:08:48,379 - httpx - INFO - HTTP Request: POST https://api.telegram.org/bot8203783857:AAGD9-j_ZxWLzKU-PrGAGCykBngAXB_mMjM/getUpdates "HTTP/1.1 200 OK"
2025-07-29 12:08:58,552 - httpx - INFO - HTTP Request: POST https://api.telegram.org/bot8203783857:AAGD9-j_ZxWLzKU-PrGAGCykBngAXB_mMjM/getUpdates "HTTP/1.1 200 OK"
2025-07-29 12:09:08,721 - httpx - INFO - HTTP Request: POST https://api.telegram.org/bot8203783857:AAGD9-j_ZxWLzKU-PrGAGCykBngAXB_mMjM/getUpdates "HTTP/1.1 200 OK"
2025-07-29 12:09:18,896 - httpx - INFO - HTTP Request: POST https://api.telegram.org/bot8203783857:AAGD9-j_ZxWLzKU-PrGAGCykBngAXB_mMjM/getUpdates "HTTP/1.1 200 OK"
2025-07-29 12:09:29,066 - httpx - INFO - HTTP Request: POST https://api.telegram.org/bot8203783857:AAGD9-j_ZxWLzKU-PrGAGCykBngAXB_mMjM/getUpdates "HTTP/1.1 200 OK"
2025-07-29 12:09:39,237 - httpx - INFO - HTTP Request: POST https://api.telegram.org/bot8203783857:AAGD9-j_ZxWLzKU-PrGAGCykBngAXB_mMjM/getUpdates "HTTP/1.1 200 OK"
2025-07-29 12:09:49,413 - httpx - INFO - HTTP Request: POST https://api.telegram.org/bot8203783857:AAGD9-j_ZxWLzKU-PrGAGCykBngAXB_mMjM/getUpdates "HTTP/1.1 200 OK"
2025-07-29 12:09:59,582 - httpx - INFO - HTTP Request: POST https://api.telegram.org/bot8203783857:AAGD9-j_ZxWLzKU-PrGAGCykBngAXB_mMjM/getUpdates "HTTP/1.1 200 OK"
2025-07-29 12:10:09,755 - httpx - INFO - HTTP Request: POST https://api.telegram.org/bot8203783857:AAGD9-j_ZxWLzKU-PrGAGCykBngAXB_mMjM/getUpdates "HTTP/1.1 200 OK"
2025-07-29 12:10:19,927 - httpx - INFO - HTTP Request: POST https://api.telegram.org/bot8203783857:AAGD9-j_ZxWLzKU-PrGAGCykBngAXB_mMjM/getUpdates "HTTP/1.1 200 OK"
2025-07-29 12:10:30,097 - httpx - INFO - HTTP Request: POST https://api.telegram.org/bot8203783857:AAGD9-j_ZxWLzKU-PrGAGCykBngAXB_mMjM/getUpdates "HTTP/1.1 200 OK"
2025-07-29 12:10:40,269 - httpx - INFO - HTTP Request: POST https://api.telegram.org/bot8203783857:AAGD9-j_ZxWLzKU-PrGAGCykBngAXB_mMjM/getUpdates "HTTP/1.1 200 OK"
2025-07-29 12:10:50,442 - httpx - INFO - HTTP Request: POST https://api.telegram.org/bot8203783857:AAGD9-j_ZxWLzKU-PrGAGCykBngAXB_mMjM/getUpdates "HTTP/1.1 200 OK"
2025-07-29 12:11:00,627 - httpx - INFO - HTTP Request: POST https://api.telegram.org/bot8203783857:AAGD9-j_ZxWLzKU-PrGAGCykBngAXB_mMjM/getUpdates "HTTP/1.1 200 OK"
2025-07-29 12:11:11,154 - httpx - INFO - HTTP Request: POST https://api.telegram.org/bot8203783857:AAGD9-j_ZxWLzKU-PrGAGCykBngAXB_mMjM/getUpdates "HTTP/1.1 200 OK"
2025-07-29 12:11:21,342 - httpx - INFO - HTTP Request: POST https://api.telegram.org/bot8203783857:AAGD9-j_ZxWLzKU-PrGAGCykBngAXB_mMjM/getUpdates "HTTP/1.1 200 OK"
2025-07-29 12:11:31,524 - httpx - INFO - HTTP Request: POST https://api.telegram.org/bot8203783857:AAGD9-j_ZxWLzKU-PrGAGCykBngAXB_mMjM/getUpdates "HTTP/1.1 200 OK"
2025-07-29 12:11:41,695 - httpx - INFO - HTTP Request: POST https://api.telegram.org/bot8203783857:AAGD9-j_ZxWLzKU-PrGAGCykBngAXB_mMjM/getUpdates "HTTP/1.1 200 OK"
2025-07-29 12:11:51,866 - httpx - INFO - HTTP Request: POST https://api.telegram.org/bot8203783857:AAGD9-j_ZxWLzKU-PrGAGCykBngAXB_mMjM/getUpdates "HTTP/1.1 200 OK"
2025-07-29 12:12:02,048 - httpx - INFO - HTTP Request: POST https://api.telegram.org/bot8203783857:AAGD9-j_ZxWLzKU-PrGAGCykBngAXB_mMjM/getUpdates "HTTP/1.1 200 OK"
2025-07-29 12:12:12,223 - httpx - INFO - HTTP Request: POST https://api.telegram.org/bot8203783857:AAGD9-j_ZxWLzKU-PrGAGCykBngAXB_mMjM/getUpdates "HTTP/1.1 200 OK"
2025-07-29 12:12:22,392 - httpx - INFO - HTTP Request: POST https://api.telegram.org/bot8203783857:AAGD9-j_ZxWLzKU-PrGAGCykBngAXB_mMjM/getUpdates "HTTP/1.1 200 OK"
2025-07-29 12:12:32,564 - httpx - INFO - HTTP Request: POST https://api.telegram.org/bot8203783857:AAGD9-j_ZxWLzKU-PrGAGCykBngAXB_mMjM/getUpdates "HTTP/1.1 200 OK"
2025-07-29 12:12:42,740 - httpx - INFO - HTTP Request: POST https://api.telegram.org/bot8203783857:AAGD9-j_ZxWLzKU-PrGAGCykBngAXB_mMjM/getUpdates "HTTP/1.1 200 OK"
2025-07-29 12:12:52,913 - httpx - INFO - HTTP Request: POST https://api.telegram.org/bot8203783857:AAGD9-j_ZxWLzKU-PrGAGCykBngAXB_mMjM/getUpdates "HTTP/1.1 200 OK"
2025-07-29 12:13:03,084 - httpx - INFO - HTTP Request: POST https://api.telegram.org/bot8203783857:AAGD9-j_ZxWLzKU-PrGAGCykBngAXB_mMjM/getUpdates "HTTP/1.1 200 OK"
2025-07-29 12:13:13,256 - httpx - INFO - HTTP Request: POST https://api.telegram.org/bot8203783857:AAGD9-j_ZxWLzKU-PrGAGCykBngAXB_mMjM/getUpdates "HTTP/1.1 200 OK"
2025-07-29 12:13:23,425 - httpx - INFO - HTTP Request: POST https://api.telegram.org/bot8203783857:AAGD9-j_ZxWLzKU-PrGAGCykBngAXB_mMjM/getUpdates "HTTP/1.1 200 OK"
