2025-07-29 11:38:57,844 - SECURITY - Bot started with public access and message security enabled
2025-07-29 11:39:07,079 - SECURITY - User 6293148875 - BOT_STARTED - Username: ibnotnickthe, Name: sad
2025-07-29 11:39:55,989 - SECURITY - Bot started with public access and message security enabled
2025-07-29 11:54:13,635 - SECURITY - Bot started with public access and message security enabled
2025-07-29 12:13:27,836 - SECURITY - Bot started with public access and message security enabled
2025-07-29 12:13:40,145 - SECURITY - User 6293148875 - WALLET_CONNECTION_INITIATED - 
2025-07-29 12:14:06,237 - SECURITY - User 6293148875 - BOT_STARTED - Username: ibnotnickthe, Name: sad
2025-07-29 12:14:20,901 - SECURITY - User 6293148875 - BOT_STARTED - Username: ibnotnickthe, Name: sad
2025-07-29 12:14:25,749 - SECURITY - User 6293148875 - WALLET_CREATION_INITIATED - 
2025-07-29 12:14:44,125 - SECURITY - User 6293148875 - WALLET_CREATED - Address: QU77MDB3OFOMCBGZKPLCZYP23MEPJ3MOWJY27XUHWBOGBAYUEKSAHYPBAI
2025-07-29 12:14:59,570 - SECURITY - User 6293148875 - BALANCE_CHECKED - 
2025-07-29 12:27:27,108 - SECURITY - Bot started with public access and message security enabled
2025-07-29 12:27:48,125 - SECURITY - User 6293148875 - BOT_STARTED - Username: ibnotnickthe, Name: sad
2025-07-29 12:29:37,956 - SECURITY - Bot started with public access and message security enabled
2025-07-29 12:29:42,471 - SECURITY - User 6293148875 - BOT_STARTED - Username: ibnotnickthe, Name: sad
2025-07-29 12:33:19,287 - SECURITY - Bot started with public access and message security enabled
2025-07-29 12:33:23,227 - SECURITY - User 6293148875 - BOT_STARTED - Username: ibnotnickthe, Name: sad
2025-08-02 10:25:07,066 - SECURITY - Bot started with public access and message security enabled
2025-08-02 10:25:22,924 - SECURITY - User 6293148875 - SESSION_EXPIRED - 
2025-08-02 10:25:58,037 - SECURITY - User 6293148875 - WALLET_CREATION_INITIATED - 
2025-08-02 10:26:08,924 - SECURITY - User 6293148875 - WALLET_CREATED - Address: NK7BEXPU43FS36QDY5RX4N3YF6TGCSN5TYPBVFBEK5SEGTYJZCMNIT77XM
2025-08-02 10:37:36,531 - SECURITY - Bot started with public access and message security enabled
2025-08-02 10:42:43,736 - SECURITY - Bot started with public access and message security enabled
2025-08-02 10:44:01,124 - SECURITY - Bot started with public access and message security enabled
2025-08-02 10:52:22,950 - SECURITY - Bot started with public access and message security enabled
2025-08-02 10:54:08,546 - SECURITY - Bot started with public access and message security enabled
2025-08-02 10:57:09,750 - SECURITY - Bot started with public access and message security enabled
2025-08-02 11:01:23,586 - SECURITY - Bot started with public access and message security enabled
2025-08-02 11:02:13,360 - SECURITY - Bot started with public access and message security enabled
2025-08-02 11:03:11,563 - SECURITY - Bot started with public access and message security enabled
2025-08-02 11:22:16,829 - SECURITY - Bot started with public access and message security enabled
